<?xml version="1.0" encoding="UTF-8"?>
<!-- Generated by org.testng.reporters.JUnitReportReporter -->
<testsuite hostname="DESKTOP-F1RHDCE" failures="0" tests="2" name="rahulshettyacademy.selenium_java.tests.ErrorValidationTest" time="12.727" errors="0" timestamp="2024-01-02T22:57:30 IST" skipped="0">
  <testcase classname="rahulshettyacademy.selenium_java.tests.ErrorValidationTest" name="loginErrorValidation" time="4.277"/>
  <system-out/>
  <testcase classname="rahulshettyacademy.selenium_java.tests.ErrorValidationTest" name="productErrorValidation" time="8.450"/>
  <system-out/>
</testsuite> <!-- rahulshettyacademy.selenium_java.tests.ErrorValidationTest -->
