<?xml version="1.0" encoding="UTF-8"?>
<!-- Generated by org.testng.reporters.JUnitReportReporter -->
<testsuite hostname="DESKTOP-F1RHDCE" failures="0" tests="3" name="rahulshettyacademy.selenium_java.tests.StandAloneTest" time="22.477" errors="0" timestamp="2023-12-09T22:32:30 IST" skipped="0">
  <testcase classname="rahulshettyacademy.selenium_java.tests.StandAloneTest" name="submitOrderTest" time="9.450"/>
  <system-out/>
  <testcase classname="rahulshettyacademy.selenium_java.tests.StandAloneTest" name="submitOrderTest" time="7.826"/>
  <system-out/>
  <testcase classname="rahulshettyacademy.selenium_java.tests.StandAloneTest" name="orderHistoryTest" time="5.201"/>
  <system-out/>
</testsuite> <!-- rahulshettyacademy.selenium_java.tests.StandAloneTest -->
