<?xml version="1.0" encoding="UTF-8"?>
<!-- Generated by org.testng.reporters.JUnitReportReporter -->
<testsuite hostname="DESKTOP-F1RHDCE" failures="0" tests="2" name="rahulshettyacademy.selenium_java.tests.ErrorValidationTest" time="7.163" errors="0" timestamp="2024-01-07T00:28:16 IST" skipped="0">
  <testcase classname="rahulshettyacademy.selenium_java.tests.ErrorValidationTest" name="productErrorValidation" time="5.222"/>
  <system-out/>
  <testcase classname="rahulshettyacademy.selenium_java.tests.ErrorValidationTest" name="loginErrorValidation" time="1.941"/>
  <system-out/>
</testsuite> <!-- rahulshettyacademy.selenium_java.tests.ErrorValidationTest -->
