<?xml version="1.0" encoding="UTF-8"?>
<!-- Generated by org.testng.reporters.JUnitReportReporter -->
<testsuite hostname="DESKTOP-F1RHDCE" failures="0" tests="3" name="rahulshettyacademy.selenium_java.tests.StandAloneTest" time="13.799" errors="0" timestamp="2024-01-07T00:28:16 IST" skipped="0">
  <testcase classname="rahulshettyacademy.selenium_java.tests.StandAloneTest" name="submitOrderTest" time="4.894"/>
  <system-out/>
  <testcase classname="rahulshettyacademy.selenium_java.tests.StandAloneTest" name="orderHistoryTest" time="3.504"/>
  <system-out/>
  <testcase classname="rahulshettyacademy.selenium_java.tests.StandAloneTest" name="submitOrderTest" time="5.401"/>
  <system-out/>
</testsuite> <!-- rahulshettyacademy.selenium_java.tests.StandAloneTest -->
